{"uuid":"20f05a01-f4b9-4530-9944-8621c1a436bd","historyId":"bae8dd4933f456fe4d7642918c031ade","fullName":"UserTest.test","labels":[{"name":"package","value":"UserTest"},{"name":"testClass","value":"UserTest"},{"name":"testMethod","value":"test"},{"name":"parentSuite","value":"Default Suite"},{"name":"suite","value":"test"},{"name":"subSuite","value":"UserTest"},{"name":"host","value":"CMDB-224897"},{"name":"thread","value":"24760@CMDB-224897.main(1)"},{"name":"framework","value":"testng"},{"name":"language","value":"java"}],"links":[],"name":"test","status":"broken","statusDetails":{"known":false,"muted":false,"flaky":false,"message":"com.fasterxml.jackson.databind.exc.MismatchedInputException: Cannot deserialize value of type `ErrorResponse` from Array value (token `JsonToken.START_ARRAY`)\n at [Source: (String)\"[{\"field\":\"email\",\"message\":\"has already been taken\"}]\"; line: 1, column: 1]","trace":"java.lang.RuntimeException: com.fasterxml.jackson.databind.exc.MismatchedInputException: Cannot deserialize value of type `ErrorResponse` from Array value (token `JsonToken.START_ARRAY`)\n at [Source: (String)\"[{\"field\":\"email\",\"message\":\"has already been taken\"}]\"; line: 1, column: 1]\r\n\tat io.restassured.internal.path.json.mapping.JsonPathJackson2ObjectDeserializer.deserialize(JsonPathJackson2ObjectDeserializer.java:30)\r\n\tat io.restassured.path.json.mapping.JsonPathObjectDeserializer$deserialize.call(Unknown Source)\r\n\tat io.restassured.internal.mapping.Jackson2Mapper.deserialize(Jackson2Mapper.groovy:58)\r\n\tat io.restassured.mapper.ObjectMapper$deserialize$0.call(Unknown Source)\r\n\tat io.restassured.internal.mapping.ObjectMapping.parseWithJackson2(ObjectMapping.groovy:254)\r\n\tat io.restassured.internal.mapping.ObjectMapping$parseWithJackson2$1.callStatic(Unknown Source)\r\n\tat io.restassured.internal.mapping.ObjectMapping.deserialize(ObjectMapping.groovy:56)\r\n\tat io.restassured.internal.mapping.ObjectMapping$deserialize$0.call(Unknown Source)\r\n\tat io.restassured.internal.RestAssuredResponseOptionsGroovyImpl.as(RestAssuredResponseOptionsGroovyImpl.groovy:229)\r\n\tat io.restassured.internal.RestAssuredResponseOptionsImpl.as(RestAssuredResponseOptionsImpl.java:169)\r\n\tat UserSteps.duplicateUser(UserSteps.java:49)\r\n\tat UserTest.test(UserTest.java:21)\r\n\tat java.base/jdk.internal.reflect.NativeMethodAccessorImpl.invoke0(Native Method)\r\n\tat java.base/jdk.internal.reflect.NativeMethodAccessorImpl.invoke(NativeMethodAccessorImpl.java:77)\r\n\tat java.base/jdk.internal.reflect.DelegatingMethodAccessorImpl.invoke(DelegatingMethodAccessorImpl.java:43)\r\n\tat java.base/java.lang.reflect.Method.invoke(Method.java:568)\r\n\tat org.testng.internal.invokers.MethodInvocationHelper.invokeMethod(MethodInvocationHelper.java:141)\r\n\tat org.testng.internal.invokers.TestInvoker.invokeMethod(TestInvoker.java:686)\r\n\tat org.testng.internal.invokers.TestInvoker.invokeTestMethod(TestInvoker.java:230)\r\n\tat org.testng.internal.invokers.MethodRunner.runInSequence(MethodRunner.java:63)\r\n\tat org.testng.internal.invokers.TestInvoker$MethodInvocationAgent.invoke(TestInvoker.java:992)\r\n\tat org.testng.internal.invokers.TestInvoker.invokeTestMethods(TestInvoker.java:203)\r\n\tat org.testng.internal.invokers.TestMethodWorker.invokeTestMethods(TestMethodWorker.java:154)\r\n\tat org.testng.internal.invokers.TestMethodWorker.run(TestMethodWorker.java:134)\r\n\tat java.base/java.util.ArrayList.forEach(ArrayList.java:1511)\r\n\tat org.testng.TestRunner.privateRun(TestRunner.java:739)\r\n\tat org.testng.TestRunner.run(TestRunner.java:614)\r\n\tat org.testng.SuiteRunner.runTest(SuiteRunner.java:421)\r\n\tat org.testng.SuiteRunner.runSequentially(SuiteRunner.java:413)\r\n\tat org.testng.SuiteRunner.privateRun(SuiteRunner.java:373)\r\n\tat org.testng.SuiteRunner.run(SuiteRunner.java:312)\r\n\tat org.testng.SuiteRunnerWorker.runSuite(SuiteRunnerWorker.java:52)\r\n\tat org.testng.SuiteRunnerWorker.run(SuiteRunnerWorker.java:95)\r\n\tat org.testng.TestNG.runSuitesSequentially(TestNG.java:1274)\r\n\tat org.testng.TestNG.runSuitesLocally(TestNG.java:1208)\r\n\tat org.testng.TestNG.runSuites(TestNG.java:1112)\r\n\tat org.testng.TestNG.run(TestNG.java:1079)\r\n\tat com.intellij.rt.testng.IDEARemoteTestNG.run(IDEARemoteTestNG.java:65)\r\n\tat com.intellij.rt.testng.RemoteTestNGStarter.main(RemoteTestNGStarter.java:105)\r\nCaused by: com.fasterxml.jackson.databind.exc.MismatchedInputException: Cannot deserialize value of type `ErrorResponse` from Array value (token `JsonToken.START_ARRAY`)\n at [Source: (String)\"[{\"field\":\"email\",\"message\":\"has already been taken\"}]\"; line: 1, column: 1]\r\n\tat com.fasterxml.jackson.databind.exc.MismatchedInputException.from(MismatchedInputException.java:59)\r\n\tat com.fasterxml.jackson.databind.DeserializationContext.reportInputMismatch(DeserializationContext.java:1752)\r\n\tat com.fasterxml.jackson.databind.DeserializationContext.handleUnexpectedToken(DeserializationContext.java:1526)\r\n\tat com.fasterxml.jackson.databind.DeserializationContext.handleUnexpectedToken(DeserializationContext.java:1473)\r\n\tat com.fasterxml.jackson.databind.deser.BeanDeserializer._deserializeFromArray(BeanDeserializer.java:656)\r\n\tat com.fasterxml.jackson.databind.deser.BeanDeserializer._deserializeOther(BeanDeserializer.java:211)\r\n\tat com.fasterxml.jackson.databind.deser.BeanDeserializer.deserialize(BeanDeserializer.java:187)\r\n\tat com.fasterxml.jackson.databind.deser.DefaultDeserializationContext.readRootValue(DefaultDeserializationContext.java:323)\r\n\tat com.fasterxml.jackson.databind.ObjectMapper._readMapAndClose(ObjectMapper.java:4825)\r\n\tat com.fasterxml.jackson.databind.ObjectMapper.readValue(ObjectMapper.java:3772)\r\n\tat io.restassured.internal.path.json.mapping.JsonPathJackson2ObjectDeserializer.deserialize(JsonPathJackson2ObjectDeserializer.java:28)\r\n\t... 38 more\r\n"},"stage":"finished","steps":[],"attachments":[],"parameters":[],"start":1747146326803,"stop":1747146332922}